<?xml version="1.0" encoding="UTF-8"?>
<!-- Generated by org.testng.reporters.JUnitXMLReporter -->
<testsuite ignored="0" hostname="DESKTOP-J6NSKTA" failures="0" tests="6" name="Command line test" time="0.061" errors="0" timestamp="2021-06-20T23:03:52 IST">
  <testcase classname="qaclick.Mavenjaava.AppiumTest" name="API" time="0.006"/>
  <testcase classname="qaclick.Mavenjaava.AppiumTest" name="ghg" time="0.001"/>
  <testcase classname="qaclick.Mavenjaava.RestApiTest" name="PostJira" time="0.001"/>
  <testcase classname="qaclick.Mavenjaava.RestApiTest" name="deleteTwitter" time="0.0"/>
  <testcase classname="qaclick.Mavenjaava.SeleniumTest" name="BrowserAutomation" time="0.0"/>
  <testcase classname="qaclick.Mavenjaava.SeleniumTest" name="elementAutomation" time="0.001"/>
</testsuite> <!-- Command line test -->
