<?xml version="1.0" encoding="UTF-8"?>
<!-- Generated by org.testng.reporters.JUnitXMLReporter -->
<testsuite ignored="0" hostname="DESKTOP-J6NSKTA" failures="0" tests="6" name="Test" time="0.043" errors="0" timestamp="2021-06-20T23:24:07 IST">
  <testcase classname="qaclick.Mavenjaava.SeleniumTest" name="BrowserAutomation" time="0.004"/>
  <testcase classname="qaclick.Mavenjaava.SeleniumTest" name="elementAutomation" time="0.0"/>
  <testcase classname="qaclick.Mavenjaava.AppiumTest" name="API" time="0.0"/>
  <testcase classname="qaclick.Mavenjaava.AppiumTest" name="ghg" time="0.001"/>
  <testcase classname="qaclick.Mavenjaava.RestApiTest" name="PostJira" time="0.0"/>
  <testcase classname="qaclick.Mavenjaava.RestApiTest" name="deleteTwitter" time="0.0"/>
</testsuite> <!-- Test -->
