<?xml version="1.0" encoding="UTF-8"?>
<testsuite xmlns:xsi="http://www.w3.org/2001/XMLSchema-instance" xsi:noNamespaceSchemaLocation="https://maven.apache.org/surefire/maven-surefire-plugin/xsd/surefire-test-report-3.0.xsd" version="3.0" name="TestSuite" time="0.602" tests="6" errors="0" skipped="0" failures="0">
  <properties>
[...]
</properties>
  <testcase name="BrowserAutomation" classname="qaclick.Mavenjaava.SeleniumTest" time="0.005">
    <system-out><![CDATA[BrowserAutomation
]]></system-out>
  </testcase>
  <testcase name="elementAutomation" classname="qaclick.Mavenjaava.SeleniumTest" time="0.002">
    <system-out><![CDATA[elementAutomation
]]></system-out>
  </testcase>
  <testcase name="API" classname="qaclick.Mavenjaava.AppiumTest" time="0.001">
    <system-out><![CDATA[API
]]></system-out>
  </testcase>
  <testcase name="ghg" classname="qaclick.Mavenjaava.AppiumTest" time="0.001">
    <system-out><![CDATA[ghg
]]></system-out>
  </testcase>
  <testcase name="PostJira" classname="qaclick.Mavenjaava.RestApiTest" time="0.001">
    <system-out><![CDATA[postjira
]]></system-out>
  </testcase>
  <testcase name="deleteTwitter" classname="qaclick.Mavenjaava.RestApiTest" time="0.001">
    <system-out><![CDATA[deleteTwitter
]]></system-out>
  </testcase>
</testsuite>