<?xml version="1.0" encoding="UTF-8"?>
<testng-results ignored="0" total="6" passed="6" failed="0" skipped="0">
  <reporter-output>
  </reporter-output>
  <suite started-at="2021-06-20T23:24:07 IST" name="Suite" finished-at="2021-06-20T23:24:07 IST" duration-ms="43">
    <groups>
    </groups>
    <test started-at="2021-06-20T23:24:07 IST" name="Test" finished-at="2021-06-20T23:24:07 IST" duration-ms="43">
      <class name="qaclick.Mavenjaava.SeleniumTest">
        <test-method signature="BrowserAutomation()[pri:0, instance:qaclick.Mavenjaava.SeleniumTest@609db43b]" started-at="2021-06-20T23:24:07 IST" name="BrowserAutomation" finished-at="2021-06-20T23:24:07 IST" duration-ms="4" status="PASS">
          <reporter-output>
          </reporter-output>
        </test-method> <!-- BrowserAutomation -->
        <test-method signature="elementAutomation()[pri:0, instance:qaclick.Mavenjaava.SeleniumTest@609db43b]" started-at="2021-06-20T23:24:07 IST" name="elementAutomation" finished-at="2021-06-20T23:24:07 IST" duration-ms="0" status="PASS">
          <reporter-output>
          </reporter-output>
        </test-method> <!-- elementAutomation -->
      </class> <!-- qaclick.Mavenjaava.SeleniumTest -->
      <class name="qaclick.Mavenjaava.AppiumTest">
        <test-method signature="API()[pri:0, instance:qaclick.Mavenjaava.AppiumTest@1bb266b3]" started-at="2021-06-20T23:24:07 IST" name="API" finished-at="2021-06-20T23:24:07 IST" duration-ms="0" status="PASS">
          <reporter-output>
          </reporter-output>
        </test-method> <!-- API -->
        <test-method signature="ghg()[pri:0, instance:qaclick.Mavenjaava.AppiumTest@1bb266b3]" started-at="2021-06-20T23:24:07 IST" name="ghg" finished-at="2021-06-20T23:24:07 IST" duration-ms="1" status="PASS">
          <reporter-output>
          </reporter-output>
        </test-method> <!-- ghg -->
      </class> <!-- qaclick.Mavenjaava.AppiumTest -->
      <class name="qaclick.Mavenjaava.RestApiTest">
        <test-method signature="PostJira()[pri:0, instance:qaclick.Mavenjaava.RestApiTest@306cf3ea]" started-at="2021-06-20T23:24:07 IST" name="PostJira" finished-at="2021-06-20T23:24:07 IST" duration-ms="0" status="PASS">
          <reporter-output>
          </reporter-output>
        </test-method> <!-- PostJira -->
        <test-method signature="deleteTwitter()[pri:0, instance:qaclick.Mavenjaava.RestApiTest@306cf3ea]" started-at="2021-06-20T23:24:07 IST" name="deleteTwitter" finished-at="2021-06-20T23:24:07 IST" duration-ms="0" status="PASS">
          <reporter-output>
          </reporter-output>
        </test-method> <!-- deleteTwitter -->
      </class> <!-- qaclick.Mavenjaava.RestApiTest -->
    </test> <!-- Test -->
  </suite> <!-- Suite -->
</testng-results>
